<?xml version="1.0" encoding="UTF-8"?>
<testsuite xmlns:xsi="http://www.w3.org/2001/XMLSchema-instance" xsi:noNamespaceSchemaLocation="https://maven.apache.org/surefire/maven-surefire-plugin/xsd/surefire-test-report-3.0.xsd" version="3.0" name="com.example.notificationservice.NotificationServiceTests" time="3.923" tests="1" errors="0" skipped="0" failures="0">
  <properties>
[...]
</properties>
  <testcase name="testSaveNotification" classname="com.example.notificationservice.NotificationServiceTests" time="0.755">
    <system-out><![CDATA[15:23:42.433 [main] INFO org.springframework.test.context.support.AnnotationConfigContextLoaderUtils -- Could not detect default configuration classes for test class [com.example.notificationservice.NotificationServiceTests]: NotificationServiceTests does not declare any static, non-private, non-final, nested classes annotated with @Configuration.
15:23:42.636 [main] INFO org.springframework.boot.test.context.SpringBootTestContextBootstrapper -- Found @SpringBootConfiguration com.example.notificationservice.NotificationServiceApplication for test class com.example.notificationservice.NotificationServiceTests

  .   ____          _            __ _ _
 /\\ / ___'_ __ _ _(_)_ __  __ _ \ \ \ \
( ( )\___ | '_ | '_| | '_ \/ _` | \ \ \ \
 \\/  ___)| |_)| | | | | || (_| |  ) ) ) )
  '  |____| .__|_| |_|_| |_\__, | / / / /
 =========|_|==============|___/=/_/_/_/
&amp#27;[32m :: Spring Boot :: &amp#27;[39m              &amp#27;[2m (v3.2.0)&amp#27;[0;39m

&amp#27;[2m2025-12-17T15:23:43.834+05:30&amp#27;[0;39m &amp#27;[32m INFO&amp#27;[0;39m &amp#27;[35m52178&amp#27;[0;39m &amp#27;[2m---&amp#27;[0;39m &amp#27;[2m[notification-service-test] [           main]&amp#27;[0;39m &amp#27;[2m&amp#27;[0;39m&amp#27;[36mc.e.n.NotificationServiceTests          &amp#27;[0;39m &amp#27;[2m:&amp#27;[0;39m Starting NotificationServiceTests using Java 24.0.2 with PID 52178 (started by apurvegupta in /Users/apurvegupta/Documents/public-repo/apurve-gupta/apps/notification-service)
&amp#27;[2m2025-12-17T15:23:43.835+05:30&amp#27;[0;39m &amp#27;[32mDEBUG&amp#27;[0;39m &amp#27;[35m52178&amp#27;[0;39m &amp#27;[2m---&amp#27;[0;39m &amp#27;[2m[notification-service-test] [           main]&amp#27;[0;39m &amp#27;[2m&amp#27;[0;39m&amp#27;[36mc.e.n.NotificationServiceTests          &amp#27;[0;39m &amp#27;[2m:&amp#27;[0;39m Running with Spring Boot v3.2.0, Spring v6.1.1
&amp#27;[2m2025-12-17T15:23:43.835+05:30&amp#27;[0;39m &amp#27;[32m INFO&amp#27;[0;39m &amp#27;[35m52178&amp#27;[0;39m &amp#27;[2m---&amp#27;[0;39m &amp#27;[2m[notification-service-test] [           main]&amp#27;[0;39m &amp#27;[2m&amp#27;[0;39m&amp#27;[36mc.e.n.NotificationServiceTests          &amp#27;[0;39m &amp#27;[2m:&amp#27;[0;39m The following 1 profile is active: "test"
&amp#27;[2m2025-12-17T15:23:43.871+05:30&amp#27;[0;39m &amp#27;[32m INFO&amp#27;[0;39m &amp#27;[35m52178&amp#27;[0;39m &amp#27;[2m---&amp#27;[0;39m &amp#27;[2m[notification-service-test] [           main]&amp#27;[0;39m &amp#27;[2m&amp#27;[0;39m&amp#27;[36mo.s.c.c.c.ConfigServerConfigDataLoader  &amp#27;[0;39m &amp#27;[2m:&amp#27;[0;39m Fetching config from server at : http://localhost:8888
&amp#27;[2m2025-12-17T15:23:43.872+05:30&amp#27;[0;39m &amp#27;[33m WARN&amp#27;[0;39m &amp#27;[35m52178&amp#27;[0;39m &amp#27;[2m---&amp#27;[0;39m &amp#27;[2m[notification-service-test] [           main]&amp#27;[0;39m &amp#27;[2m&amp#27;[0;39m&amp#27;[36mo.s.c.c.c.ConfigServerConfigDataLoader  &amp#27;[0;39m &amp#27;[2m:&amp#27;[0;39m Could not locate PropertySource ([ConfigServerConfigDataResource@7c1c5936 uris = array<String>['http://localhost:8888'], optional = true, profiles = 'default']): None of labels [] found
&amp#27;[2m2025-12-17T15:23:43.872+05:30&amp#27;[0;39m &amp#27;[32m INFO&amp#27;[0;39m &amp#27;[35m52178&amp#27;[0;39m &amp#27;[2m---&amp#27;[0;39m &amp#27;[2m[notification-service-test] [           main]&amp#27;[0;39m &amp#27;[2m&amp#27;[0;39m&amp#27;[36mo.s.c.c.c.ConfigServerConfigDataLoader  &amp#27;[0;39m &amp#27;[2m:&amp#27;[0;39m Fetching config from server at : http://localhost:8888
&amp#27;[2m2025-12-17T15:23:43.872+05:30&amp#27;[0;39m &amp#27;[33m WARN&amp#27;[0;39m &amp#27;[35m52178&amp#27;[0;39m &amp#27;[2m---&amp#27;[0;39m &amp#27;[2m[notification-service-test] [           main]&amp#27;[0;39m &amp#27;[2m&amp#27;[0;39m&amp#27;[36mo.s.c.c.c.ConfigServerConfigDataLoader  &amp#27;[0;39m &amp#27;[2m:&amp#27;[0;39m Could not locate PropertySource ([ConfigServerConfigDataResource@138caeca uris = array<String>['http://localhost:8888'], optional = true, profiles = 'test']): None of labels [] found
&amp#27;[2m2025-12-17T15:23:43.872+05:30&amp#27;[0;39m &amp#27;[32m INFO&amp#27;[0;39m &amp#27;[35m52178&amp#27;[0;39m &amp#27;[2m---&amp#27;[0;39m &amp#27;[2m[notification-service-test] [           main]&amp#27;[0;39m &amp#27;[2m&amp#27;[0;39m&amp#27;[36mo.s.c.c.c.ConfigServerConfigDataLoader  &amp#27;[0;39m &amp#27;[2m:&amp#27;[0;39m Fetching config from server at : http://localhost:8888
&amp#27;[2m2025-12-17T15:23:43.872+05:30&amp#27;[0;39m &amp#27;[33m WARN&amp#27;[0;39m &amp#27;[35m52178&amp#27;[0;39m &amp#27;[2m---&amp#27;[0;39m &amp#27;[2m[notification-service-test] [           main]&amp#27;[0;39m &amp#27;[2m&amp#27;[0;39m&amp#27;[36mo.s.c.c.c.ConfigServerConfigDataLoader  &amp#27;[0;39m &amp#27;[2m:&amp#27;[0;39m Could not locate PropertySource ([ConfigServerConfigDataResource@4d96250 uris = array<String>['http://localhost:8888'], optional = true, profiles = 'default']): None of labels [] found
&amp#27;[2m2025-12-17T15:23:44.181+05:30&amp#27;[0;39m &amp#27;[32m INFO&amp#27;[0;39m &amp#27;[35m52178&amp#27;[0;39m &amp#27;[2m---&amp#27;[0;39m &amp#27;[2m[notification-service-test] [           main]&amp#27;[0;39m &amp#27;[2m&amp#27;[0;39m&amp#27;[36m.s.d.r.c.RepositoryConfigurationDelegate&amp#27;[0;39m &amp#27;[2m:&amp#27;[0;39m Multiple Spring Data modules found, entering strict repository configuration mode
&amp#27;[2m2025-12-17T15:23:44.182+05:30&amp#27;[0;39m &amp#27;[32m INFO&amp#27;[0;39m &amp#27;[35m52178&amp#27;[0;39m &amp#27;[2m---&amp#27;[0;39m &amp#27;[2m[notification-service-test] [           main]&amp#27;[0;39m &amp#27;[2m&amp#27;[0;39m&amp#27;[36m.s.d.r.c.RepositoryConfigurationDelegate&amp#27;[0;39m &amp#27;[2m:&amp#27;[0;39m Bootstrapping Spring Data R2DBC repositories in DEFAULT mode.
&amp#27;[2m2025-12-17T15:23:44.301+05:30&amp#27;[0;39m &amp#27;[32m INFO&amp#27;[0;39m &amp#27;[35m52178&amp#27;[0;39m &amp#27;[2m---&amp#27;[0;39m &amp#27;[2m[notification-service-test] [           main]&amp#27;[0;39m &amp#27;[2m&amp#27;[0;39m&amp#27;[36m.s.d.r.c.RepositoryConfigurationDelegate&amp#27;[0;39m &amp#27;[2m:&amp#27;[0;39m Finished Spring Data repository scanning in 116 ms. Found 1 R2DBC repository interface.
&amp#27;[2m2025-12-17T15:23:45.400+05:30&amp#27;[0;39m &amp#27;[32m INFO&amp#27;[0;39m &amp#27;[35m52178&amp#27;[0;39m &amp#27;[2m---&amp#27;[0;39m &amp#27;[2m[notification-service-test] [           main]&amp#27;[0;39m &amp#27;[2m&amp#27;[0;39m&amp#27;[36mc.e.n.NotificationServiceTests          &amp#27;[0;39m &amp#27;[2m:&amp#27;[0;39m Started NotificationServiceTests in 2.695 seconds (process running for 3.943)
]]></system-out>
    <system-err><![CDATA[WARNING: A Java agent has been loaded dynamically (/Users/apurvegupta/.m2/repository/net/bytebuddy/byte-buddy-agent/1.14.10/byte-buddy-agent-1.14.10.jar)
WARNING: If a serviceability tool is in use, please run with -XX:+EnableDynamicAgentLoading to hide this warning
WARNING: If a serviceability tool is not in use, please run with -Djdk.instrument.traceUsage for more information
WARNING: Dynamic loading of agents will be disallowed by default in a future release
]]></system-err>
  </testcase>
</testsuite>